#
# A fatal error has been detected by the Java Runtime Environment:
#
#  Internal Error (javaClasses.cpp:124), pid=7888, tid=1260
#  fatal error: Invalid layout of preloaded class
#
# JRE version:  (8.0_11-b12) (build )
# Java VM: Java HotSpot(TM) 64-Bit Server VM (25.11-b03 mixed mode windows-amd64 compressed oops)
# Failed to write core dump. Minidumps are not enabled by default on client versions of Windows
#
# If you would like to submit a bug report, please visit:
#   http://bugreport.sun.com/bugreport/crash.jsp
#

---------------  T H R E A D  ---------------

Current thread (0x0000000002dc0800):  JavaThread "Unknown thread" [_thread_in_vm, id=1260, stack(0x00000000029d0000,0x0000000002ad0000)]

Stack: [0x00000000029d0000,0x0000000002ad0000]
Native frames: (J=compiled Java code, j=interpreted, Vv=VM code, C=native code)
V  [jvm.dll+0x308eca]
V  [jvm.dll+0x25e121]
V  [jvm.dll+0x25ed33]
V  [jvm.dll+0x256686]
V  [jvm.dll+0x5d4cc]
V  [jvm.dll+0x5d5c3]
V  [jvm.dll+0x71efa]
V  [jvm.dll+0x72258]
V  [jvm.dll+0xe1927]
V  [jvm.dll+0xe1cb6]
V  [jvm.dll+0x1f1407]
V  [jvm.dll+0x2229b4]
V  [jvm.dll+0x14a151]
C  [javaw.exe+0x208a]
C  [javaw.exe+0xc9fb]
C  [javaw.exe+0xca8f]
C  [KERNEL32.DLL+0x16ad]
C  [ntdll.dll+0x54409]


---------------  P R O C E S S  ---------------

Java Threads: ( => current thread )

Other Threads:

=>0x0000000002dc0800 (exited) JavaThread "Unknown thread" [_thread_in_vm, id=1260, stack(0x00000000029d0000,0x0000000002ad0000)]

VM state:not at safepoint (not fully initialized)

VM Mutex/Monitor currently owned by a thread: None

GC Heap History (0 events):
No events

Deoptimization events (0 events):
No events

Internal exceptions (0 events):
No events

Events (10 events):
Event: 0.017 loading class java/lang/CharSequence done
Event: 0.018 loading class java/lang/String done
Event: 0.018 loading class java/lang/Class
Event: 0.018 loading class java/lang/reflect/AnnotatedElement
Event: 0.018 loading class java/lang/reflect/AnnotatedElement done
Event: 0.018 loading class java/lang/reflect/GenericDeclaration
Event: 0.018 loading class java/lang/reflect/GenericDeclaration done
Event: 0.018 loading class java/lang/reflect/Type
Event: 0.018 loading class java/lang/reflect/Type done
Event: 0.018 loading class java/lang/Class done


Dynamic libraries:
0x00007ff653dc0000 - 0x00007ff653df4000 	D:\eclipse\Java\jre8\bin\javaw.exe
0x00007ffa2f9b0000 - 0x00007ffa2fb56000 	C:\WINDOWS\SYSTEM32\ntdll.dll
0x00007ffa2f870000 - 0x00007ffa2f9aa000 	C:\WINDOWS\system32\KERNEL32.DLL
0x00007ffa2cdf0000 - 0x00007ffa2ceff000 	C:\WINDOWS\system32\KERNELBASE.dll
0x00007ffa2b930000 - 0x00007ffa2b9b8000 	C:\WINDOWS\system32\apphelp.dll
0x00007ffa22e40000 - 0x00007ffa22e8f000 	C:\WINDOWS\AppPatch\AppPatch64\AcGenral.DLL
0x00007ffa2d700000 - 0x00007ffa2d7a7000 	C:\WINDOWS\system32\msvcrt.dll
0x00007ffa2cbd0000 - 0x00007ffa2cbfb000 	C:\WINDOWS\SYSTEM32\SspiCli.dll
0x00007ffa2e330000 - 0x00007ffa2e381000 	C:\WINDOWS\system32\SHLWAPI.dll
0x00007ffa2d900000 - 0x00007ffa2da71000 	C:\WINDOWS\system32\USER32.dll
0x00007ffa2e130000 - 0x00007ffa2e2a8000 	C:\WINDOWS\system32\ole32.dll
0x00007ffa2e390000 - 0x00007ffa2f79f000 	C:\WINDOWS\system32\SHELL32.dll
0x00007ffa2c390000 - 0x00007ffa2c3ae000 	C:\WINDOWS\SYSTEM32\USERENV.dll
0x00007ffa2d230000 - 0x00007ffa2d2d5000 	C:\WINDOWS\system32\ADVAPI32.dll
0x00007ffa217e0000 - 0x00007ffa217fb000 	C:\WINDOWS\SYSTEM32\MPR.dll
0x00007ffa2d7b0000 - 0x00007ffa2d8e7000 	C:\WINDOWS\system32\RPCRT4.dll
0x00007ffa2e2c0000 - 0x00007ffa2e317000 	C:\WINDOWS\SYSTEM32\sechost.dll
0x00007ffa2dd10000 - 0x00007ffa2dee6000 	C:\WINDOWS\SYSTEM32\combase.dll
0x00007ffa2dbc0000 - 0x00007ffa2dd04000 	C:\WINDOWS\system32\GDI32.dll
0x00007ffa2cd20000 - 0x00007ffa2cd34000 	C:\WINDOWS\SYSTEM32\profapi.dll
0x00007ffa28e70000 - 0x00007ffa28f0f000 	C:\WINDOWS\SYSTEM32\SHCORE.dll
0x00007ffa2d300000 - 0x00007ffa2d334000 	C:\WINDOWS\system32\IMM32.DLL
0x00007ffa2da80000 - 0x00007ffa2dbb9000 	C:\WINDOWS\system32\MSCTF.dll
0x00007ffa28a40000 - 0x00007ffa28c9a000 	C:\WINDOWS\WinSxS\amd64_microsoft.windows.common-controls_6595b64144ccf1df_6.0.9600.17031_none_6242a4b3ecbb55a1\COMCTL32.dll
0x000000005cb70000 - 0x000000005cc42000 	D:\eclipse\Java\jre8\bin\msvcr100.dll
0x000000005c340000 - 0x000000005cb6a000 	D:\eclipse\Java\jre8\bin\server\jvm.dll
0x00007ffa281a0000 - 0x00007ffa281a9000 	C:\WINDOWS\SYSTEM32\WSOCK32.dll
0x00007ffa21310000 - 0x00007ffa2132f000 	C:\WINDOWS\SYSTEM32\WINMM.dll
0x00007ffa2e320000 - 0x00007ffa2e327000 	C:\WINDOWS\system32\PSAPI.DLL
0x00007ffa2d3a0000 - 0x00007ffa2d3f8000 	C:\WINDOWS\system32\WS2_32.dll
0x00007ffa212e0000 - 0x00007ffa2130a000 	C:\WINDOWS\SYSTEM32\WINMMBASE.dll
0x00007ffa2d8f0000 - 0x00007ffa2d8f9000 	C:\WINDOWS\system32\NSI.dll
0x00007ffa2cf50000 - 0x00007ffa2cf9a000 	C:\WINDOWS\SYSTEM32\cfgmgr32.dll
0x00007ffa2bb80000 - 0x00007ffa2bba6000 	C:\WINDOWS\SYSTEM32\DEVOBJ.dll
0x000000005c330000 - 0x000000005c33f000 	D:\eclipse\Java\jre8\bin\verify.dll
0x000000005c300000 - 0x000000005c328000 	D:\eclipse\Java\jre8\bin\java.dll
0x000000005c2e0000 - 0x000000005c2f6000 	D:\eclipse\Java\jre8\bin\zip.dll
0x00007ffa20170000 - 0x00007ffa202f8000 	C:\WINDOWS\SYSTEM32\dbghelp.dll

VM Arguments:
jvm_args: -Dfile.encoding=GBK -Xbootclasspath/p:D:\eclipse\android\sdk\platforms\android-20\android.jar 
java_command: union.counter.api.UnionPkForm
java_class_path (initial): D:\eclipse\android\workspace\encryptionService\bin\classes
Launcher Type: SUN_STANDARD

Environment Variables:
PATH=C:\WINDOWS\system32;C:\WINDOWS;C:\WINDOWS\System32\Wbem;C:\WINDOWS\System32\WindowsPowerShell\v1.0\;C:\Program Files (x86)\GtkSharp\2.12\bin;C:\develop\adt-bundle-windows-x86_64-20140702\sdk\tools
USERNAME=onslaught_2014
OS=Windows_NT
PROCESSOR_IDENTIFIER=Intel64 Family 6 Model 58 Stepping 9, GenuineIntel



---------------  S Y S T E M  ---------------

OS: Windows 8.1 , 64 bit Build 9600 

CPU:total 4 (2 cores per cpu, 2 threads per core) family 6 model 58 stepping 9, cmov, cx8, fxsr, mmx, sse, sse2, sse3, ssse3, sse4.1, sse4.2, popcnt, avx, aes, clmul, erms, ht, tsc, tscinvbit

Memory: 4k page, physical 4075348k(590608k free), swap 6827860k(1285900k free)

vm_info: Java HotSpot(TM) 64-Bit Server VM (25.11-b03) for windows-amd64 JRE (1.8.0_11-b12), built on Jun 16 2014 20:57:32 by "java_re" with MS VC++ 10.0 (VS2010)

time: Mon Dec 08 21:52:21 2014
elapsed time: 0 seconds

